<?xml version="1.0" encoding="UTF-8"?>
<testng-results ignored="0" total="1" passed="1" failed="0" skipped="0">
  <reporter-output>
  </reporter-output>
  <suite started-at="2022-03-27T10:46:11 EET" name="Default suite" finished-at="2022-03-27T10:46:29 EET" duration-ms="18540">
    <groups>
    </groups>
    <test started-at="2022-03-27T10:46:11 EET" name="Default test" finished-at="2022-03-27T10:46:29 EET" duration-ms="18540">
      <class name="TestCases.IP_TC_700">
        <test-method is-config="true" signature="setup()[pri:0, instance:TestCases.IP_TC_700@76c3e77a]" started-at="2022-03-27T10:46:11 EET" name="setup" finished-at="2022-03-27T10:46:14 EET" duration-ms="3170" status="PASS">
          <reporter-output>
          </reporter-output>
        </test-method> <!-- setup -->
        <test-method signature="navigate_to_Nurse_Check_Dispense_Medication_UI()[pri:0, instance:TestCases.IP_TC_700@76c3e77a]" started-at="2022-03-27T10:46:14 EET" name="navigate_to_Nurse_Check_Dispense_Medication_UI" finished-at="2022-03-27T10:46:29 EET" duration-ms="15268" status="PASS">
          <reporter-output>
          </reporter-output>
        </test-method> <!-- navigate_to_Nurse_Check_Dispense_Medication_UI -->
        <test-method is-config="true" signature="close_browser()[pri:0, instance:TestCases.IP_TC_700@76c3e77a]" started-at="2022-03-27T10:46:29 EET" name="close_browser" finished-at="2022-03-27T10:46:29 EET" duration-ms="1" status="PASS">
          <reporter-output>
          </reporter-output>
        </test-method> <!-- close_browser -->
      </class> <!-- TestCases.IP_TC_700 -->
    </test> <!-- Default test -->
  </suite> <!-- Default suite -->
</testng-results>
