<?xml version="1.0" encoding="UTF-8"?>
<testng-results ignored="0" total="1" passed="1" failed="0" skipped="0">
  <reporter-output>
  </reporter-output>
  <suite started-at="2022-01-08T21:13:52 EET" name="Suite" finished-at="2022-01-08T21:14:15 EET" duration-ms="23076">
    <groups>
    </groups>
    <test started-at="2022-01-08T21:13:52 EET" name="Group A" finished-at="2022-01-08T21:14:15 EET" duration-ms="23076">
      <class name="TestCases.IP_TC_141_149_153_156_172_187">
        <test-method is-config="true" signature="setup()[pri:0, instance:TestCases.IP_TC_141_149_153_156_172_187@41e36e46]" started-at="2022-01-08T21:13:52 EET" name="setup" finished-at="2022-01-08T21:13:54 EET" duration-ms="2148" status="PASS">
          <reporter-output>
          </reporter-output>
        </test-method> <!-- setup -->
        <test-method signature="navigate_to_Cancel_Admission()[pri:0, instance:TestCases.IP_TC_141_149_153_156_172_187@41e36e46]" started-at="2022-01-08T21:13:54 EET" name="navigate_to_Cancel_Admission" finished-at="2022-01-08T21:14:15 EET" duration-ms="20895" status="PASS">
          <reporter-output>
          </reporter-output>
        </test-method> <!-- navigate_to_Cancel_Admission -->
        <test-method is-config="true" signature="close_browser()[pri:0, instance:TestCases.IP_TC_141_149_153_156_172_187@41e36e46]" started-at="2022-01-08T21:14:15 EET" name="close_browser" finished-at="2022-01-08T21:14:15 EET" duration-ms="1" status="PASS">
          <reporter-output>
          </reporter-output>
        </test-method> <!-- close_browser -->
      </class> <!-- TestCases.IP_TC_141_149_153_156_172_187 -->
    </test> <!-- Group A -->
  </suite> <!-- Suite -->
</testng-results>
