<?xml version="1.0" encoding="UTF-8"?>
<testng-results ignored="0" total="7" passed="7" failed="0" skipped="0">
  <reporter-output>
  </reporter-output>
  <suite started-at="2022-01-19T00:06:34 EET" name="Suite" finished-at="2022-01-19T00:13:14 EET" duration-ms="399377">
    <groups>
    </groups>
    <test started-at="2022-01-19T00:06:34 EET" name="test" finished-at="2022-01-19T00:13:14 EET" duration-ms="399377">
      <class name="TestCases.GroupM">
        <test-method signature="navigate_to_Prescribe_Medications(java.lang.String)[pri:1, instance:TestCases.GroupM@2c767a52]" started-at="2022-01-19T00:06:35 EET" name="navigate_to_Prescribe_Medications" data-provider="test_data" finished-at="2022-01-19T00:08:52 EET" duration-ms="136782" status="PASS">
          <params>
            <param index="0">
              <value>
                <![CDATA[A200000403]]>
              </value>
            </param>
          </params>
          <reporter-output>
          </reporter-output>
        </test-method> <!-- navigate_to_Prescribe_Medications -->
        <test-method signature="navigate_to_Verification(java.lang.String)[pri:2, instance:TestCases.GroupM@2c767a52]" started-at="2022-01-19T00:08:52 EET" name="navigate_to_Verification" data-provider="test_data" finished-at="2022-01-19T00:09:34 EET" duration-ms="42620" status="PASS">
          <params>
            <param index="0">
              <value>
                <![CDATA[A200000403]]>
              </value>
            </param>
          </params>
          <reporter-output>
          </reporter-output>
        </test-method> <!-- navigate_to_Verification -->
        <test-method signature="navigate_to_Stock_Availability_of_medications(java.lang.String)[pri:3, instance:TestCases.GroupM@2c767a52]" started-at="2022-01-19T00:09:35 EET" name="navigate_to_Stock_Availability_of_medications" data-provider="test_data" finished-at="2022-01-19T00:10:12 EET" duration-ms="37002" status="PASS">
          <params>
            <param index="0">
              <value>
                <![CDATA[A200000403]]>
              </value>
            </param>
          </params>
          <reporter-output>
          </reporter-output>
        </test-method> <!-- navigate_to_Stock_Availability_of_medications -->
        <test-method signature="navigate_to_Fill(java.lang.String)[pri:4, instance:TestCases.GroupM@2c767a52]" started-at="2022-01-19T00:10:12 EET" name="navigate_to_Fill" data-provider="test_data" finished-at="2022-01-19T00:11:03 EET" duration-ms="51124" status="PASS">
          <params>
            <param index="0">
              <value>
                <![CDATA[A200000403]]>
              </value>
            </param>
          </params>
          <reporter-output>
          </reporter-output>
        </test-method> <!-- navigate_to_Fill -->
        <test-method signature="navigate_to_Deliver(java.lang.String)[pri:5, instance:TestCases.GroupM@2c767a52]" started-at="2022-01-19T00:11:03 EET" name="navigate_to_Deliver" data-provider="test_data" finished-at="2022-01-19T00:11:53 EET" duration-ms="50089" status="PASS">
          <params>
            <param index="0">
              <value>
                <![CDATA[A200000403]]>
              </value>
            </param>
          </params>
          <reporter-output>
          </reporter-output>
        </test-method> <!-- navigate_to_Deliver -->
        <test-method signature="navigate_to_Accept_Return_Medication(java.lang.String)[pri:6, instance:TestCases.GroupM@2c767a52]" started-at="2022-01-19T00:11:53 EET" name="navigate_to_Accept_Return_Medication" data-provider="test_data" finished-at="2022-01-19T00:12:37 EET" duration-ms="43737" status="PASS">
          <params>
            <param index="0">
              <value>
                <![CDATA[A200000403]]>
              </value>
            </param>
          </params>
          <reporter-output>
          </reporter-output>
        </test-method> <!-- navigate_to_Accept_Return_Medication -->
        <test-method signature="navigate_to_Reject_Return_Medication(java.lang.String)[pri:7, instance:TestCases.GroupM@2c767a52]" started-at="2022-01-19T00:12:37 EET" name="navigate_to_Reject_Return_Medication" data-provider="test_data" finished-at="2022-01-19T00:13:14 EET" duration-ms="36995" status="PASS">
          <params>
            <param index="0">
              <value>
                <![CDATA[A200000403]]>
              </value>
            </param>
          </params>
          <reporter-output>
          </reporter-output>
        </test-method> <!-- navigate_to_Reject_Return_Medication -->
        <test-method is-config="true" signature="close_browser()[pri:0, instance:TestCases.GroupM@2c767a52]" started-at="2022-01-19T00:13:14 EET" name="close_browser" finished-at="2022-01-19T00:13:14 EET" duration-ms="1" status="PASS">
          <reporter-output>
          </reporter-output>
        </test-method> <!-- close_browser -->
      </class> <!-- TestCases.GroupM -->
    </test> <!-- test -->
  </suite> <!-- Suite -->
</testng-results>
