<?xml version="1.0" encoding="UTF-8"?>
<testng-results ignored="0" total="2" passed="1" failed="1" skipped="0">
  <reporter-output>
  </reporter-output>
  <suite started-at="2022-01-12T23:54:28 EET" name="Suite" finished-at="2022-01-12T23:56:21 EET" duration-ms="112521">
    <groups>
    </groups>
    <test started-at="2022-01-12T23:54:28 EET" name="test" finished-at="2022-01-12T23:56:21 EET" duration-ms="112521">
      <class name="TestCases.GroupB">
        <test-method signature="navigate_to_CMO_Admit_and_Register_Patient()[pri:1, instance:TestCases.GroupB@708f5957]" started-at="2022-01-12T23:54:28 EET" name="navigate_to_CMO_Admit_and_Register_Patient" finished-at="2022-01-12T23:56:21 EET" duration-ms="112487" status="PASS">
          <reporter-output>
          </reporter-output>
        </test-method> <!-- navigate_to_CMO_Admit_and_Register_Patient -->
        <test-method signature="navigate_to_Cancel_Admission(java.lang.String)[pri:2, instance:TestCases.GroupB@708f5957]" started-at="2022-01-12T23:56:21 EET" name="navigate_to_Cancel_Admission" data-provider="test_data" finished-at="2022-01-12T23:56:21 EET" duration-ms="0" status="FAIL">
          <exception class="org.testng.TestNGException">
            <message>
              <![CDATA[
Data Provider public java.lang.String TestCases.GroupB.test_data() throws org.apache.poi.openxml4j.exceptions.InvalidFormatException,java.io.IOException returned a null value]]>
            </message>
            <full-stacktrace>
              <![CDATA[org.testng.TestNGException: 
Data Provider public java.lang.String TestCases.GroupB.test_data() throws org.apache.poi.openxml4j.exceptions.InvalidFormatException,java.io.IOException returned a null value
at org.testng.internal.MethodInvocationHelper.invokeDataProvider(MethodInvocationHelper.java:148)
at org.testng.internal.Parameters.handleParameters(Parameters.java:798)
at org.testng.internal.Parameters.handleParameters(Parameters.java:740)
at org.testng.internal.ParameterHandler.handleParameters(ParameterHandler.java:59)
at org.testng.internal.ParameterHandler.createParameters(ParameterHandler.java:38)
at org.testng.internal.TestInvoker$MethodInvocationAgent.invoke(TestInvoker.java:791)
at org.testng.internal.TestInvoker.invokeTestMethods(TestInvoker.java:146)
at org.testng.internal.TestMethodWorker.invokeTestMethods(TestMethodWorker.java:146)
at org.testng.internal.TestMethodWorker.run(TestMethodWorker.java:128)
at java.base/java.util.ArrayList.forEach(ArrayList.java:1511)
at org.testng.TestRunner.privateRun(TestRunner.java:794)
at org.testng.TestRunner.run(TestRunner.java:596)
at org.testng.SuiteRunner.runTest(SuiteRunner.java:377)
at org.testng.SuiteRunner.runSequentially(SuiteRunner.java:371)
at org.testng.SuiteRunner.privateRun(SuiteRunner.java:332)
at org.testng.SuiteRunner.run(SuiteRunner.java:276)
at org.testng.SuiteRunnerWorker.runSuite(SuiteRunnerWorker.java:53)
at org.testng.SuiteRunnerWorker.run(SuiteRunnerWorker.java:96)
at org.testng.TestNG.runSuitesSequentially(TestNG.java:1212)
at org.testng.TestNG.runSuitesLocally(TestNG.java:1134)
at org.testng.TestNG.runSuites(TestNG.java:1063)
at org.testng.TestNG.run(TestNG.java:1031)
at org.testng.remote.AbstractRemoteTestNG.run(AbstractRemoteTestNG.java:115)
at org.testng.remote.RemoteTestNG.initAndRun(RemoteTestNG.java:251)
at org.testng.remote.RemoteTestNG.main(RemoteTestNG.java:77)
]]>
            </full-stacktrace>
          </exception> <!-- org.testng.TestNGException -->
          <reporter-output>
          </reporter-output>
        </test-method> <!-- navigate_to_Cancel_Admission -->
        <test-method is-config="true" signature="close_browser()[pri:0, instance:TestCases.GroupB@708f5957]" started-at="2022-01-12T23:56:21 EET" name="close_browser" finished-at="2022-01-12T23:56:21 EET" duration-ms="0" status="PASS">
          <reporter-output>
          </reporter-output>
        </test-method> <!-- close_browser -->
      </class> <!-- TestCases.GroupB -->
    </test> <!-- test -->
  </suite> <!-- Suite -->
</testng-results>
