<?xml version="1.0" encoding="UTF-8"?>
<!-- Generated by org.testng.reporters.JUnitXMLReporter -->
<testsuite ignored="0" hostname="DESKTOP-R4CIO73" failures="1" tests="2" name="test" time="112.521" errors="0" timestamp="2022-01-12T23:56:21 EET">
  <testcase classname="TestCases.GroupB" name="navigate_to_CMO_Admit_and_Register_Patient" time="112.487"/>
  <testcase classname="TestCases.GroupB" name="navigate_to_Cancel_Admission" time="0.0">
    <failure type="org.testng.TestNGException" message="
Data Provider public java.lang.String TestCases.GroupB.test_data() throws org.apache.poi.openxml4j.exceptions.InvalidFormatException,java.io.IOException returned a null value">
      <![CDATA[org.testng.TestNGException: 
Data Provider public java.lang.String TestCases.GroupB.test_data() throws org.apache.poi.openxml4j.exceptions.InvalidFormatException,java.io.IOException returned a null value
at java.base/java.util.ArrayList.forEach(ArrayList.java:1511)
... Removed 24 stack frames]]>
    </failure>
  </testcase> <!-- navigate_to_Cancel_Admission -->
</testsuite> <!-- test -->
